<?xml version="1.0" encoding="UTF-8"?>
<!-- Generated by org.testng.reporters.JUnitReportReporter -->
<testsuite skipped="0" hostname="D-113073496" name="alpha.PostCall_JSON_Misc" tests="1" failures="0" timestamp="23 Aug 2018 14:25:10 GMT" time="2.625" errors="0">
  <testcase name="TC_2" time="2.625" classname="alpha.PostCall_JSON_Misc"/>
</testsuite> <!-- alpha.PostCall_JSON_Misc -->
