<?xml version="1.0" encoding="UTF-8"?>
<!-- Generated by org.testng.reporters.JUnitReportReporter -->
<testsuite skipped="0" hostname="D-113073496" name="alpha.PostCall2" tests="1" failures="0" timestamp="10 Aug 2018 11:33:34 GMT" time="2.502" errors="0">
  <testcase name="TC_2" time="2.502" classname="alpha.PostCall2"/>
</testsuite> <!-- alpha.PostCall2 -->
