<?xml version="1.0" encoding="UTF-8"?>
<!-- Generated by org.testng.reporters.JUnitReportReporter -->
<testsuite skipped="0" hostname="D-113073496" name="alpha.Flow2" tests="3" failures="0" timestamp="28 Aug 2018 10:39:18 GMT" time="9.541" errors="0">
  <testcase name="test_steps" time="2.884" classname="alpha.Flow2"/>
  <testcase name="test_steps" time="0.060" classname="alpha.Flow2"/>
  <testcase name="test_steps" time="6.597" classname="alpha.Flow2"/>
</testsuite> <!-- alpha.Flow2 -->
