<?xml version="1.0" encoding="UTF-8"?>
<!-- Generated by org.testng.reporters.JUnitReportReporter -->
<testsuite skipped="0" hostname="D-113073496" name="alpha.Post_Hash" tests="1" failures="0" timestamp="22 Aug 2018 15:16:31 GMT" time="12.184" errors="0">
  <testcase name="TC_1" time="12.184" classname="alpha.Post_Hash"/>
</testsuite> <!-- alpha.Post_Hash -->
