<?xml version="1.0" encoding="UTF-8"?>
<!-- Generated by org.testng.reporters.JUnitReportReporter -->
<testsuite skipped="0" hostname="D-113073496" name="alpha.TestABC" tests="1" failures="0" timestamp="03 Aug 2018 06:42:40 GMT" time="11.454" errors="0">
  <testcase name="Serialization" time="11.454" classname="alpha.TestABC"/>
</testsuite> <!-- alpha.TestABC -->
