<?xml version="1.0" encoding="UTF-8"?>
<!-- Generated by org.testng.reporters.JUnitReportReporter -->
<testsuite skipped="0" hostname="D-113073496" name="alpha.PostCall_JSON_NW" tests="1" failures="0" timestamp="22 Aug 2018 15:11:25 GMT" time="8.542" errors="0">
  <testcase name="TC_2" time="8.542" classname="alpha.PostCall_JSON_NW"/>
</testsuite> <!-- alpha.PostCall_JSON_NW -->
