<?xml version="1.0" encoding="UTF-8"?>
<!-- Generated by org.testng.reporters.JUnitReportReporter -->
<testsuite skipped="0" hostname="D-113073496" name="alpha.Flow4" tests="2" failures="0" timestamp="28 Aug 2018 14:09:09 GMT" time="1.625" errors="0">
  <testcase name="test_steps" time="1.592" classname="alpha.Flow4"/>
  <testcase name="test_steps" time="0.033" classname="alpha.Flow4"/>
</testsuite> <!-- alpha.Flow4 -->
