<?xml version="1.0" encoding="UTF-8"?>
<!-- Generated by org.testng.reporters.JUnitReportReporter -->
<testsuite skipped="0" hostname="D-113073496" name="alpha.Get_Latest" tests="1" failures="0" timestamp="03 Aug 2018 06:39:46 GMT" time="1.479" errors="0">
  <testcase name="TC_2" time="1.479" classname="alpha.Get_Latest"/>
</testsuite> <!-- alpha.Get_Latest -->
