<?xml version="1.0" encoding="UTF-8"?>
<!-- Generated by org.testng.reporters.JUnitReportReporter -->
<testsuite skipped="0" hostname="D-113073496" name="alpha.Flow3_Hash" tests="2" failures="0" timestamp="28 Aug 2018 12:12:26 GMT" time="2.259" errors="0">
  <testcase name="test_steps" time="2.233" classname="alpha.Flow3_Hash"/>
  <testcase name="test_steps" time="0.026" classname="alpha.Flow3_Hash"/>
</testsuite> <!-- alpha.Flow3_Hash -->
