<?xml version="1.0" encoding="UTF-8"?>
<!-- Generated by org.testng.reporters.JUnitReportReporter -->
<testsuite skipped="0" hostname="D-113073496" name="alpha.GetCall" tests="1" failures="0" timestamp="22 Aug 2018 07:20:36 GMT" time="1.554" errors="0">
  <testcase name="TC_1" time="1.554" classname="alpha.GetCall"/>
</testsuite> <!-- alpha.GetCall -->
