<?xml version="1.0" encoding="UTF-8"?>
<!-- Generated by org.testng.reporters.JUnitReportReporter -->
<testsuite skipped="0" hostname="D-113073496" name="alpha.Post_Get" tests="1" failures="0" timestamp="21 Aug 2018 15:29:52 GMT" time="2.813" errors="0">
  <testcase name="TC_2" time="2.813" classname="alpha.Post_Get"/>
</testsuite> <!-- alpha.Post_Get -->
