<?xml version="1.0" encoding="UTF-8"?>
<!-- Generated by org.testng.reporters.JUnitReportReporter -->
<testsuite skipped="0" hostname="D-113073496" name="alpha.DataDrivenTC" tests="3" failures="0" timestamp="23 Aug 2018 14:10:41 GMT" time="1.466" errors="0">
  <testcase name="test_steps" time="0.370" classname="alpha.DataDrivenTC"/>
  <testcase name="test_steps" time="0.024" classname="alpha.DataDrivenTC"/>
  <testcase name="test_steps" time="1.072" classname="alpha.DataDrivenTC"/>
</testsuite> <!-- alpha.DataDrivenTC -->
