<?xml version="1.0" encoding="UTF-8"?>
<!-- Generated by org.testng.reporters.JUnitReportReporter -->
<testsuite skipped="0" hostname="D-113073496" name="alpha.Flow2" tests="1" failures="0" timestamp="22 Aug 2018 11:44:22 GMT" time="2.103" errors="0">
  <testcase name="TC_1" time="2.103" classname="alpha.Flow2"/>
</testsuite> <!-- alpha.Flow2 -->
