<?xml version="1.0" encoding="UTF-8"?>
<!-- Generated by org.testng.reporters.JUnitReportReporter -->
<testsuite skipped="0" hostname="D-113073496" name="alpha.Post_Hash" tests="1" failures="0" timestamp="28 Aug 2018 11:46:46 GMT" time="5.897" errors="0">
  <testcase name="TC_1" time="5.897" classname="alpha.Post_Hash"/>
</testsuite> <!-- alpha.Post_Hash -->
