<?xml version="1.0" encoding="UTF-8"?>
<!-- Generated by org.testng.reporters.JUnitReportReporter -->
<testsuite skipped="0" hostname="D-113073496" name="alpha.Upload" tests="1" failures="0" timestamp="13 Aug 2018 11:56:57 GMT" time="6.249" errors="0">
  <testcase name="TC_1" time="6.249" classname="alpha.Upload"/>
</testsuite> <!-- alpha.Upload -->
