<?xml version="1.0" encoding="UTF-8"?>
<!-- Generated by org.testng.reporters.JUnitReportReporter -->
<testsuite skipped="0" hostname="D-113073496" name="alpha.Flow4" tests="1" failures="0" timestamp="29 Aug 2018 07:12:12 GMT" time="4.023" errors="0">
  <testcase name="test_steps" time="4.023" classname="alpha.Flow4"/>
</testsuite> <!-- alpha.Flow4 -->
