<?xml version="1.0" encoding="UTF-8"?>
<!-- Generated by org.testng.reporters.JUnitReportReporter -->
<testsuite skipped="0" hostname="D-113073496" name="alpha.Flow1" tests="2" failures="0" timestamp="22 Aug 2018 09:05:04 GMT" time="1.618" errors="0">
  <testcase name="TC_1" time="1.591" classname="alpha.Flow1"/>
  <testcase name="TC_2" time="0.027" classname="alpha.Flow1"/>
</testsuite> <!-- alpha.Flow1 -->
