<?xml version="1.0" encoding="UTF-8"?>
<!-- Generated by org.testng.reporters.JUnitReportReporter -->
<testsuite skipped="0" hostname="D-113073496" name="alpha.Assert" tests="1" failures="0" timestamp="18 Aug 2018 05:40:56 GMT" time="1.798" errors="0">
  <testcase name="TC_1" time="1.798" classname="alpha.Assert"/>
</testsuite> <!-- alpha.Assert -->
