<?xml version="1.0" encoding="UTF-8"?>
<!-- Generated by org.testng.reporters.JUnitReportReporter -->
<testsuite skipped="0" hostname="D-113073496" name="alpha.Flow2_Hash" tests="1" failures="0" timestamp="22 Aug 2018 11:48:17 GMT" time="1.374" errors="0">
  <testcase name="TC_1" time="1.374" classname="alpha.Flow2_Hash"/>
</testsuite> <!-- alpha.Flow2_Hash -->
